2022-09-08T14:26:33.719Z [32minfo[39m: 	Categoría API iniciando en el puerto: 8092
2022-09-08T14:27:04.945Z [32minfo[39m: 	{"user":"ANGUTIERRE","password":"94fa6c0e5731de75e691188462562d0bf333a6eac4ddcbc23b1397bd0136f76b"}/login - POST -
2022-09-08T14:27:19.994Z [31merror[39m: 	Unhandled Rejection at: [object Promise] reason: TypeError: Cannot read property 'data' of undefined
2022-09-08T14:27:40.391Z [32minfo[39m: 	{"user":"ANGUTIERRE","password":"94fa6c0e5731de75e691188462562d0bf333a6eac4ddcbc23b1397bd0136f76b"}/login - POST -
2022-09-08T14:27:56.922Z [32minfo[39m: 	{"priceList":"IPL","pdfZone":"IPLALL","pdfVersion":"2.0"}/generate-pdf - POST -
2022-09-08T14:31:30.050Z [32minfo[39m: 	Categoría API iniciando en el puerto: 8092
2022-09-08T14:31:40.336Z [32minfo[39m: 	Categoría API iniciando en el puerto: 8092
2022-09-08T14:32:55.529Z [32minfo[39m: 	Categoría API iniciando en el puerto: 8092
2022-09-08T14:33:05.425Z [32minfo[39m: 	Categoría API iniciando en el puerto: 8092
2022-09-08T14:33:11.119Z [32minfo[39m: 	{"priceList":"IPL","pdfZone":"IPLALL","pdfVersion":"2.0"}/generate-pdf - POST -
2022-09-08T14:35:07.063Z [32minfo[39m: 	Categoría API iniciando en el puerto: 8092
2022-09-08T14:35:16.806Z [32minfo[39m: 	{"priceList":"IPL","pdfZone":"IPLALL","pdfVersion":"2.0"}/generate-pdf - POST -
2022-09-08T14:38:12.245Z [32minfo[39m: 	Categoría API iniciando en el puerto: 8092
2022-09-08T14:38:19.815Z [32minfo[39m: 	{"priceList":"IPL","pdfZone":"IPLALL","pdfVersion":"2.0"}/generate-pdf - POST -
2022-09-08T14:40:26.421Z [32minfo[39m: 	Categoría API iniciando en el puerto: 8092
2022-09-08T14:40:35.511Z [32minfo[39m: 	{"priceList":"IPL","pdfZone":"IPLALL","pdfVersion":"2.0"}/generate-pdf - POST -
2022-09-08T14:42:48.994Z [32minfo[39m: 	Categoría API iniciando en el puerto: 8092
2022-09-08T14:42:58.179Z [32minfo[39m: 	{"priceList":"IPL","pdfZone":"IPLALL","pdfVersion":"2.0"}/generate-pdf - POST -
2022-09-08T14:45:42.251Z [32minfo[39m: 	Categoría API iniciando en el puerto: 8092
2022-09-08T14:45:53.918Z [32minfo[39m: 	{"priceList":"IPL","pdfZone":"IPLALL","pdfVersion":"2.0"}/generate-pdf - POST -
2022-09-08T14:51:16.674Z [32minfo[39m: 	Categoría API iniciando en el puerto: 8092
2022-09-08T14:51:33.078Z [32minfo[39m: 	{"priceList":"IPL","pdfZone":"IPLALL","pdfVersion":"2.0"}/generate-pdf - POST -
2022-09-08T14:54:52.761Z [32minfo[39m: 	Categoría API iniciando en el puerto: 8092
2022-09-08T14:54:59.531Z [32minfo[39m: 	{"priceList":"IPL","pdfZone":"IPLALL","pdfVersion":"2.0"}/generate-pdf - POST -
2022-09-08T15:03:45.096Z [32minfo[39m: 	Categoría API iniciando en el puerto: 8092
2022-09-08T15:04:08.306Z [32minfo[39m: 	{"priceList":"IPL","pdfZone":"IPLALL","pdfVersion":"2.0"}/generate-pdf - POST -
2022-09-08T15:07:01.859Z [32minfo[39m: 	Categoría API iniciando en el puerto: 8092
2022-09-08T15:07:17.603Z [32minfo[39m: 	Categoría API iniciando en el puerto: 8092
2022-09-08T15:07:26.929Z [32minfo[39m: 	{"priceList":"IPL","pdfZone":"IPLALL","pdfVersion":"2.0"}/generate-pdf - POST -
2022-09-08T15:09:13.024Z [32minfo[39m: 	Categoría API iniciando en el puerto: 8092
2022-09-08T15:09:17.657Z [32minfo[39m: 	Categoría API iniciando en el puerto: 8092
2022-09-08T15:09:26.946Z [32minfo[39m: 	{"priceList":"IPL","pdfZone":"IPLALL","pdfVersion":"2.0"}/generate-pdf - POST -
2022-09-08T15:10:57.395Z [32minfo[39m: 	Categoría API iniciando en el puerto: 8092
2022-09-08T15:11:04.963Z [32minfo[39m: 	{"priceList":"IPL","pdfZone":"IPLALL","pdfVersion":"2.0"}/generate-pdf - POST -
2022-09-08T15:11:50.032Z [32minfo[39m: 	Categoría API iniciando en el puerto: 8092
2022-09-08T15:12:02.747Z [32minfo[39m: 	{"priceList":"IPL","pdfZone":"IPLALL","pdfVersion":"2.0"}/generate-pdf - POST -
2022-09-08T15:12:41.796Z [32minfo[39m: 	Categoría API iniciando en el puerto: 8092
2022-09-08T15:12:49.119Z [32minfo[39m: 	{"priceList":"IPL","pdfZone":"IPLALL","pdfVersion":"2.0"}/generate-pdf - POST -
2022-09-08T15:19:42.561Z [32minfo[39m: 	Categoría API iniciando en el puerto: 8092
2022-09-08T15:19:57.632Z [32minfo[39m: 	{"priceList":"IPL","pdfZone":"IPLALL","pdfVersion":"2.0"}/generate-pdf - POST -
2022-09-08T15:24:16.779Z [32minfo[39m: 	Categoría API iniciando en el puerto: 8092
2022-09-08T15:24:34.585Z [32minfo[39m: 	Categoría API iniciando en el puerto: 8092
2022-09-08T15:24:53.955Z [32minfo[39m: 	{"priceList":"IPL","pdfZone":"IPLALL","pdfVersion":"2.0"}/generate-pdf - POST -
2022-09-08T15:26:02.278Z [32minfo[39m: 	Categoría API iniciando en el puerto: 8092
2022-09-08T15:26:13.514Z [32minfo[39m: 	{"priceList":"IPL","pdfZone":"IPLALL","pdfVersion":"2.0"}/generate-pdf - POST -
2022-09-08T15:26:58.539Z [32minfo[39m: 	Categoría API iniciando en el puerto: 8092
2022-09-08T15:27:09.087Z [32minfo[39m: 	{"priceList":"IPL","pdfZone":"IPLALL","pdfVersion":"2.0"}/generate-pdf - POST -
2022-09-08T15:38:29.651Z [32minfo[39m: 	{"priceList":"IPL","pdfZone":"IPLALL","pdfVersion":"2.0"}/generate-pdf - POST -
2022-09-08T15:53:30.986Z [32minfo[39m: 	{"priceList":"IPL","pdfZone":"IPLALL","pdfVersion":"2.0"}/generate-pdf - POST -
2022-09-08T15:56:14.498Z [32minfo[39m: 	{"priceList":"IPL","pdfZone":"IPLALL","pdfVersion":"2.0"}/generate-pdf - POST -
2022-09-08T16:37:26.885Z [32minfo[39m: 	Categoría API iniciando en el puerto: 8092
2022-09-08T16:37:32.945Z [32minfo[39m: 	{"priceList":"IPL","pdfZone":"IPLALL","pdfVersion":"2.0"}/generate-pdf - POST -
2022-09-08T16:40:30.119Z [32minfo[39m: 	Categoría API iniciando en el puerto: 8092
2022-09-08T16:40:40.175Z [32minfo[39m: 	{"priceList":"IPL","pdfZone":"IPLALL","pdfVersion":"2.0"}/generate-pdf - POST -
2022-09-08T16:45:14.926Z [32minfo[39m: 	Categoría API iniciando en el puerto: 8092
2022-09-08T16:46:25.983Z [32minfo[39m: 	Categoría API iniciando en el puerto: 8092
2022-09-08T16:46:35.326Z [32minfo[39m: 	{"priceList":"IPL","pdfZone":"IPLALL","pdfVersion":"2.0"}/generate-pdf - POST -
2022-09-08T16:47:17.858Z [32minfo[39m: 	Categoría API iniciando en el puerto: 8092
2022-09-08T16:47:37.965Z [32minfo[39m: 	{"priceList":"IPL","pdfZone":"IPLALL","pdfVersion":"2.0"}/generate-pdf - POST -
2022-09-08T16:50:42.404Z [32minfo[39m: 	Categoría API iniciando en el puerto: 8092
2022-09-08T16:50:51.747Z [32minfo[39m: 	{"priceList":"IPL","pdfZone":"IPLALL","pdfVersion":"2.0"}/generate-pdf - POST -
2022-09-08T16:53:46.294Z [32minfo[39m: 	Categoría API iniciando en el puerto: 8092
2022-09-08T16:54:03.294Z [32minfo[39m: 	{"priceList":"IPL","pdfZone":"IPLALL","pdfVersion":"2.0"}/generate-pdf - POST -
2022-09-08T16:55:09.247Z [32minfo[39m: 	Categoría API iniciando en el puerto: 8092
2022-09-08T16:55:15.756Z [32minfo[39m: 	{"priceList":"IPL","pdfZone":"IPLALL","pdfVersion":"2.0"}/generate-pdf - POST -
2022-09-08T16:57:28.103Z [32minfo[39m: 	Categoría API iniciando en el puerto: 8092
2022-09-08T16:57:36.453Z [32minfo[39m: 	{"priceList":"IPL","pdfZone":"IPLALL","pdfVersion":"2.0"}/generate-pdf - POST -
2022-09-08T16:58:30.948Z [32minfo[39m: 	Categoría API iniciando en el puerto: 8092
2022-09-08T16:58:38.077Z [32minfo[39m: 	{"priceList":"IPL","pdfZone":"IPLALL","pdfVersion":"2.0"}/generate-pdf - POST -
2022-09-08T17:20:26.409Z [32minfo[39m: 	Categoría API iniciando en el puerto: 8092
2022-09-08T17:20:32.345Z [32minfo[39m: 	{"priceList":"IPL","pdfZone":"IPLALL","pdfVersion":"2.0"}/generate-pdf - POST -
2022-09-08T17:22:44.006Z [32minfo[39m: 	Categoría API iniciando en el puerto: 8092
2022-09-08T17:22:53.370Z [32minfo[39m: 	Categoría API iniciando en el puerto: 8092
2022-09-08T17:22:58.982Z [32minfo[39m: 	{"priceList":"IPL","pdfZone":"IPLALL","pdfVersion":"2.0"}/generate-pdf - POST -
2022-09-08T17:25:28.101Z [32minfo[39m: 	Categoría API iniciando en el puerto: 8092
2022-09-08T17:29:43.907Z [32minfo[39m: 	{"priceList":"IPL","pdfZone":"IPLALL","pdfVersion":"2.0"}/generate-pdf - POST -
2022-09-08T17:32:43.388Z [32minfo[39m: 	Categoría API iniciando en el puerto: 8092
2022-09-08T17:33:04.849Z [32minfo[39m: 	Categoría API iniciando en el puerto: 8092
2022-09-08T17:33:15.981Z [32minfo[39m: 	{"priceList":"IPL","pdfZone":"IPLALL","pdfVersion":"2.0"}/generate-pdf - POST -
2022-09-08T17:35:15.161Z [32minfo[39m: 	Categoría API iniciando en el puerto: 8092
2022-09-08T17:35:24.646Z [32minfo[39m: 	{"priceList":"IPL","pdfZone":"IPLALL","pdfVersion":"2.0"}/generate-pdf - POST -
2022-09-08T17:36:08.282Z [32minfo[39m: 	Categoría API iniciando en el puerto: 8092
2022-09-08T17:36:14.488Z [32minfo[39m: 	{"priceList":"IPL","pdfZone":"IPLALL","pdfVersion":"2.0"}/generate-pdf - POST -
2022-09-08T17:37:26.607Z [32minfo[39m: 	Categoría API iniciando en el puerto: 8092
2022-09-08T17:37:28.751Z [32minfo[39m: 	Categoría API iniciando en el puerto: 8092
2022-09-08T17:37:34.595Z [32minfo[39m: 	{"priceList":"IPL","pdfZone":"IPLALL","pdfVersion":"2.0"}/generate-pdf - POST -
2022-09-08T17:40:02.899Z [32minfo[39m: 	Categoría API iniciando en el puerto: 8092
2022-09-08T17:40:10.428Z [32minfo[39m: 	{"priceList":"IPL","pdfZone":"IPLALL","pdfVersion":"2.0"}/generate-pdf - POST -
2022-09-08T17:42:25.671Z [32minfo[39m: 	Categoría API iniciando en el puerto: 8092
2022-09-08T17:42:34.086Z [32minfo[39m: 	{"priceList":"IPL","pdfZone":"IPLALL","pdfVersion":"2.0"}/generate-pdf - POST -
2022-09-08T17:44:13.613Z [32minfo[39m: 	Categoría API iniciando en el puerto: 8092
2022-09-08T17:44:27.961Z [32minfo[39m: 	{"priceList":"IPL","pdfZone":"IPLALL","pdfVersion":"2.0"}/generate-pdf - POST -
2022-09-08T17:45:19.124Z [32minfo[39m: 	Categoría API iniciando en el puerto: 8092
2022-09-08T17:45:33.638Z [32minfo[39m: 	{"priceList":"IPL","pdfZone":"IPLALL","pdfVersion":"2.0"}/generate-pdf - POST -
2022-09-08T17:47:46.467Z [32minfo[39m: 	Categoría API iniciando en el puerto: 8092
2022-09-08T17:47:55.583Z [32minfo[39m: 	{"priceList":"IPL","pdfZone":"IPLALL","pdfVersion":"2.0"}/generate-pdf - POST -
2022-09-08T17:52:46.539Z [32minfo[39m: 	Categoría API iniciando en el puerto: 8092
2022-09-08T17:52:55.139Z [32minfo[39m: 	Categoría API iniciando en el puerto: 8092
2022-09-08T17:52:59.167Z [32minfo[39m: 	Categoría API iniciando en el puerto: 8092
2022-09-08T17:53:07.179Z [32minfo[39m: 	{"priceList":"IPL","pdfZone":"IPLALL","pdfVersion":"2.0"}/generate-pdf - POST -
2022-09-08T17:55:25.076Z [32minfo[39m: 	Categoría API iniciando en el puerto: 8092
2022-09-08T17:57:02.400Z [32minfo[39m: 	Categoría API iniciando en el puerto: 8092
2022-09-08T17:57:10.661Z [32minfo[39m: 	{"priceList":"IPL","pdfZone":"IPLALL","pdfVersion":"2.0"}/generate-pdf - POST -
2022-09-08T17:59:03.967Z [32minfo[39m: 	Categoría API iniciando en el puerto: 8092
2022-09-08T17:59:09.001Z [32minfo[39m: 	{"priceList":"IPL","pdfZone":"IPLALL","pdfVersion":"2.0"}/generate-pdf - POST -
2022-09-08T18:02:26.758Z [32minfo[39m: 	Categoría API iniciando en el puerto: 8092
2022-09-08T18:02:33.434Z [32minfo[39m: 	{"priceList":"IPL","pdfZone":"IPLALL","pdfVersion":"2.0"}/generate-pdf - POST -
2022-09-08T18:03:26.899Z [32minfo[39m: 	Categoría API iniciando en el puerto: 8092
2022-09-08T18:03:36.374Z [32minfo[39m: 	{"priceList":"IPL","pdfZone":"IPLALL","pdfVersion":"2.0"}/generate-pdf - POST -
2022-09-08T18:05:25.175Z [32minfo[39m: 	{"priceList":"LIKO","pdfZone":"LIKALL","pdfVersion":"2.0"}/generate-pdf - POST -
2022-09-08T18:11:14.153Z [32minfo[39m: 	Categoría API iniciando en el puerto: 8092
2022-09-08T18:11:29.473Z [32minfo[39m: 	{"priceList":"LIKO","pdfZone":"LIKALL","pdfVersion":"2.0"}/generate-pdf - POST -
2022-09-08T18:13:31.588Z [32minfo[39m: 	Categoría API iniciando en el puerto: 8092
2022-09-08T18:13:37.342Z [32minfo[39m: 	{"priceList":"LIKO","pdfZone":"LIKALL","pdfVersion":"2.0"}/generate-pdf - POST -
2022-09-08T18:19:33.263Z [32minfo[39m: 	Categoría API iniciando en el puerto: 8092
2022-09-08T18:19:41.124Z [32minfo[39m: 	Categoría API iniciando en el puerto: 8092
2022-09-08T18:20:27.424Z [32minfo[39m: 	Categoría API iniciando en el puerto: 8092
2022-09-08T18:20:37.622Z [32minfo[39m: 	Categoría API iniciando en el puerto: 8092
2022-09-08T18:20:44.645Z [32minfo[39m: 	{"priceList":"LIKO","pdfZone":"LIKALL","pdfVersion":"2.0"}/generate-pdf - POST -
2022-09-08T18:21:51.198Z [32minfo[39m: 	Categoría API iniciando en el puerto: 8092
2022-09-08T18:29:48.613Z [32minfo[39m: 	Categoría API iniciando en el puerto: 8092
2022-09-08T18:29:58.057Z [32minfo[39m: 	{"priceList":"LIKO","pdfZone":"LIKALL","pdfVersion":"2.0"}/generate-pdf - POST -
2022-09-08T18:31:28.874Z [32minfo[39m: 	Categoría API iniciando en el puerto: 8092
2022-09-08T18:31:41.550Z [32minfo[39m: 	Categoría API iniciando en el puerto: 8092
2022-09-08T18:31:52.127Z [32minfo[39m: 	{"priceList":"LIKO","pdfZone":"LIKALL","pdfVersion":"2.0"}/generate-pdf - POST -
2022-09-08T18:33:03.317Z [32minfo[39m: 	Categoría API iniciando en el puerto: 8092
2022-09-08T18:33:25.916Z [32minfo[39m: 	Categoría API iniciando en el puerto: 8092
2022-09-08T18:34:44.174Z [32minfo[39m: 	{"priceList":"LIKO","pdfZone":"LIKALL","pdfVersion":"2.0"}/generate-pdf - POST -
2022-09-08T21:55:56.488Z [32minfo[39m: 	{"priceList":"IPL","pdfZone":"IPLALL","pdfVersion":"2.0"}/generate-pdf - POST -
2022-09-08T22:11:02.202Z [32minfo[39m: 	Categoría API iniciando en el puerto: 8092
2022-09-08T22:11:15.684Z [32minfo[39m: 	{"priceList":"LIKO","pdfZone":"LIKOALL","pdfVersion":"2.0"}/generate-pdf - POST -
2022-09-08T22:11:22.690Z [32minfo[39m: 	{"priceList":"LIKO","pdfZone":"LIKALL","pdfVersion":"2.0"}/generate-pdf - POST -
2022-09-08T22:12:48.812Z [32minfo[39m: 	Categoría API iniciando en el puerto: 8092
2022-09-08T22:12:53.233Z [32minfo[39m: 	{"priceList":"LIKO","pdfZone":"LIKALL","pdfVersion":"2.0"}/generate-pdf - POST -
2022-09-08T22:14:13.162Z [32minfo[39m: 	Categoría API iniciando en el puerto: 8092
2022-09-08T22:14:31.899Z [32minfo[39m: 	Categoría API iniciando en el puerto: 8092
2022-09-08T22:15:56.415Z [32minfo[39m: 	Categoría API iniciando en el puerto: 8092
2022-09-08T22:16:33.558Z [32minfo[39m: 	Categoría API iniciando en el puerto: 8092
2022-09-08T22:16:35.289Z [32minfo[39m: 	Categoría API iniciando en el puerto: 8092
2022-09-08T22:16:42.183Z [32minfo[39m: 	{"priceList":"LIKO","pdfZone":"LIKALL","pdfVersion":"2.0"}/generate-pdf - POST -
2022-09-08T22:18:28.816Z [32minfo[39m: 	Categoría API iniciando en el puerto: 8092
2022-09-08T22:18:36.746Z [32minfo[39m: 	{"priceList":"LIKO","pdfZone":"LIKALL","pdfVersion":"2.0"}/generate-pdf - POST -
2022-09-08T22:20:42.217Z [32minfo[39m: 	Categoría API iniciando en el puerto: 8092
2022-09-08T22:20:48.894Z [32minfo[39m: 	{"priceList":"LIKO","pdfZone":"LIKALL","pdfVersion":"2.0"}/generate-pdf - POST -
2022-09-08T22:26:47.278Z [32minfo[39m: 	Categoría API iniciando en el puerto: 8092
2022-09-08T22:58:02.479Z [32minfo[39m: 	{"priceList":"LIKO","pdfZone":"LIKALL","pdfVersion":"2.0"}/generate-pdf - POST -
2022-09-08T22:58:43.716Z [32minfo[39m: 	{"priceList":"IPL","pdfZone":"IPLALL","pdfVersion":"2.0"}/generate-pdf - POST -
2022-09-08T23:00:42.782Z [32minfo[39m: 	{"priceList":"IPL","pdfZone":"IPLALL","pdfVersion":"2.0"}/generate-pdf - POST -
