2024-08-15T14:47:21.615Z [32minfo[39m: 	Categoría API iniciando en el puerto: 8092
2024-08-15T14:50:48.743Z [31merror[39m: 	404 || undefined - /api/api/generate-pdf - POST - ::ffff:127.0.0.1
2024-08-15T14:50:48.746Z [31merror[39m: 	404 - undefined - Not Found - /api/api/generate-pdf - POST - ::ffff:127.0.0.1
2024-08-15T14:51:13.705Z [32minfo[39m: 	{"priceList":"IPL","pdfZone":"IPLALL","pdfVersion":"2.0"}/generate-pdf - POST -
2024-08-15T14:51:33.576Z [32minfo[39m: 	'Welcome to PDF Hillrom API'
2024-08-15T14:51:33.713Z [31merror[39m: 	404 || undefined - /favicon.ico - GET - ::1
2024-08-15T14:51:33.714Z [31merror[39m: 	404 - undefined - Not Found - /favicon.ico - GET - ::1
2024-08-15T14:51:58.622Z [32minfo[39m: 	{"priceList":"IPL","pdfZone":"IPLALL","pdfVersion":"2.0"}/generate-pdf - POST -
2024-08-15T14:55:38.390Z [32minfo[39m: 	Categoría API iniciando en el puerto: 8092
2024-08-15T14:55:45.190Z [32minfo[39m: 	{"priceList":"IPL","pdfZone":"IPLPUR","pdfVersion":"2.0"}/generate-pdf - POST -
2024-08-15T15:08:54.797Z [32minfo[39m: 	Categoría API iniciando en el puerto: 8092
2024-08-15T15:09:03.407Z [32minfo[39m: 	Categoría API iniciando en el puerto: 8092
2024-08-15T15:09:57.945Z [32minfo[39m: 	Categoría API iniciando en el puerto: 8092
2024-08-15T15:10:04.521Z [32minfo[39m: 	Categoría API iniciando en el puerto: 8092
2024-08-15T15:10:28.487Z [32minfo[39m: 	Categoría API iniciando en el puerto: 8092
2024-08-15T15:11:16.152Z [32minfo[39m: 	Categoría API iniciando en el puerto: 8092
2024-08-15T15:12:22.177Z [32minfo[39m: 	Categoría API iniciando en el puerto: 8092
2024-08-15T15:14:35.106Z [32minfo[39m: 	Categoría API iniciando en el puerto: 8092
2024-08-15T15:15:24.108Z [32minfo[39m: 	Categoría API iniciando en el puerto: 8092
2024-08-15T15:16:52.031Z [32minfo[39m: 	Categoría API iniciando en el puerto: 8092
2024-08-15T15:17:01.091Z [32minfo[39m: 	{"priceList":"IPL","pdfZone":"IPLPUR","pdfVersion":"2.0"}/generate-pdf - POST -
2024-08-15T15:17:22.376Z [32minfo[39m: 	{"priceList":"IPL","pdfZone":"IPLPUR","pdfVersion":"2.0"}/generate-pdf - POST -
2024-08-15T15:18:29.362Z [32minfo[39m: 	{"priceList":"IPL","pdfZone":"IPLPUR","pdfVersion":"2.0"}/generate-pdf - POST -
2024-08-15T15:19:59.768Z [32minfo[39m: 	Categoría API iniciando en el puerto: 8092
2024-08-15T15:20:51.269Z [32minfo[39m: 	Categoría API iniciando en el puerto: 8092
2024-08-15T15:20:56.468Z [32minfo[39m: 	{"priceList":"IPL","pdfZone":"IPLPUR","pdfVersion":"2.0"}/generate-pdf - POST -
2024-08-15T15:39:30.674Z [32minfo[39m: 	Categoría API iniciando en el puerto: 8092
2024-08-15T15:39:42.728Z [32minfo[39m: 	{"priceList":"IPL","pdfZone":"IPLPUR","pdfVersion":"2.0"}/generate-pdf - POST -
2024-08-15T15:40:47.702Z [32minfo[39m: 	Categoría API iniciando en el puerto: 8092
2024-08-15T15:40:54.525Z [32minfo[39m: 	{"priceList":"IPL","pdfZone":"IPLPUR","pdfVersion":"2.0"}/generate-pdf - POST -
2024-08-15T15:43:44.374Z [32minfo[39m: 	Categoría API iniciando en el puerto: 8092
2024-08-15T15:43:52.113Z [32minfo[39m: 	{"priceList":"IPL","pdfZone":"IPLPUR","pdfVersion":"2.0"}/generate-pdf - POST -
2024-08-15T15:44:07.342Z [32minfo[39m: 	Categoría API iniciando en el puerto: 8092
2024-08-15T15:44:09.495Z [32minfo[39m: 	{"priceList":"IPL","pdfZone":"IPLPUR","pdfVersion":"2.0"}/generate-pdf - POST -
2024-08-15T15:44:26.185Z [32minfo[39m: 	Categoría API iniciando en el puerto: 8092
2024-08-15T15:44:43.803Z [32minfo[39m: 	{"priceList":"IPL","pdfZone":"IPLPUR","pdfVersion":"2.0"}/generate-pdf - POST -
2024-08-15T15:49:25.074Z [32minfo[39m: 	Categoría API iniciando en el puerto: 8092
2024-08-15T15:49:32.635Z [32minfo[39m: 	{"priceList":"IPL","pdfZone":"IPLPUR","pdfVersion":"2.0"}/generate-pdf - POST -
2024-08-15T15:49:53.047Z [32minfo[39m: 	Categoría API iniciando en el puerto: 8092
2024-08-15T15:49:56.875Z [32minfo[39m: 	{"priceList":"IPL","pdfZone":"IPLPUR","pdfVersion":"2.0"}/generate-pdf - POST -
2024-08-15T16:00:40.753Z [32minfo[39m: 	Categoría API iniciando en el puerto: 8092
2024-08-15T16:00:43.841Z [32minfo[39m: 	{"priceList":"IPL","pdfZone":"IPLPUR","pdfVersion":"2.0"}/generate-pdf - POST -
2024-08-15T16:00:58.182Z [32minfo[39m: 	Categoría API iniciando en el puerto: 8092
2024-08-15T16:01:15.912Z [32minfo[39m: 	{"priceList":"IPL","pdfZone":"IPLPUR","pdfVersion":"2.0"}/generate-pdf - POST -
2024-08-15T16:04:09.275Z [32minfo[39m: 	Categoría API iniciando en el puerto: 8092
2024-08-15T16:04:16.543Z [32minfo[39m: 	{"priceList":"IPL","pdfZone":"IPLPUR","pdfVersion":"2.0"}/generate-pdf - POST -
2024-08-15T16:04:31.437Z [32minfo[39m: 	Categoría API iniciando en el puerto: 8092
2024-08-15T16:04:36.540Z [32minfo[39m: 	{"priceList":"IPL","pdfZone":"IPLPUR","pdfVersion":"2.0"}/generate-pdf - POST -
2024-08-15T19:03:47.382Z [32minfo[39m: 	Categoría API iniciando en el puerto: 8092
2024-08-15T19:04:41.795Z [32minfo[39m: 	{"priceList":"IPL","pdfZone":"IPLPUR","pdfVersion":"2.0"}/generate-pdf - POST -
2024-08-15T19:11:41.744Z [32minfo[39m: 	Categoría API iniciando en el puerto: 8092
2024-08-15T19:11:49.563Z [32minfo[39m: 	{"priceList":"IPL","pdfZone":"IPLPUR","pdfVersion":"2.0"}/generate-pdf - POST -
2024-08-15T19:13:46.703Z [32minfo[39m: 	Categoría API iniciando en el puerto: 8092
2024-08-15T19:13:53.192Z [32minfo[39m: 	{"priceList":"IPL","pdfZone":"IPLPUR","pdfVersion":"2.0"}/generate-pdf - POST -
2024-08-15T19:39:04.277Z [32minfo[39m: 	Categoría API iniciando en el puerto: 8092
2024-08-15T19:39:11.899Z [32minfo[39m: 	{"priceList":"IPL","pdfZone":"IPLPUR","pdfVersion":"2.0"}/generate-pdf - POST -
2024-08-15T19:39:39.582Z [32minfo[39m: 	{"priceList":"IPL","pdfZone":"IPLPUR","pdfVersion":"2.0"}/generate-pdf - POST -
2024-08-15T21:59:47.368Z [32minfo[39m: 	Categoría API iniciando en el puerto: 8092
2024-08-15T22:00:03.366Z [32minfo[39m: 	Categoría API iniciando en el puerto: 8092
