2022-09-12T14:42:30.024Z [32minfo[39m: 	Categoría API iniciando en el puerto: 8092
2022-09-12T14:43:50.265Z [32minfo[39m: 	{"user":"ANGUTIERRE","password":"94fa6c0e5731de75e691188462562d0bf333a6eac4ddcbc23b1397bd0136f76b"}/login - POST -
2022-09-12T14:44:05.154Z [32minfo[39m: 	{"priceList":"IPL","pdfZone":"IPLALL","pdfVersion":"2.0"}/generate-pdf - POST -
2022-09-12T14:45:22.423Z [32minfo[39m: 	{"priceList":"LIKO","pdfZone":"LIKALL","pdfVersion":"2.0"}/generate-pdf - POST -
2022-09-12T14:55:16.293Z [32minfo[39m: 	Categoría API iniciando en el puerto: 8092
2022-09-12T14:55:27.996Z [32minfo[39m: 	{"priceList":"LIKO","pdfZone":"LIKALL","pdfVersion":"2.0"}/generate-pdf - POST -
2022-09-12T15:21:26.743Z [32minfo[39m: 	Categoría API iniciando en el puerto: 8092
2022-09-12T15:22:06.946Z [32minfo[39m: 	{"priceList":"LIKO","pdfZone":"LIKALL","pdfVersion":"2.0"}/generate-pdf - POST -
2022-09-12T15:30:20.175Z [32minfo[39m: 	Categoría API iniciando en el puerto: 8092
2022-09-12T15:30:28.360Z [32minfo[39m: 	{"priceList":"LIKO","pdfZone":"LIKALL","pdfVersion":"2.0"}/generate-pdf - POST -
2022-09-12T15:32:24.153Z [32minfo[39m: 	Categoría API iniciando en el puerto: 8092
2022-09-12T15:34:38.432Z [32minfo[39m: 	{"priceList":"LIKO","pdfZone":"LIKALL","pdfVersion":"2.0"}/generate-pdf - POST -
2022-09-12T15:36:51.434Z [32minfo[39m: 	Categoría API iniciando en el puerto: 8092
2022-09-12T15:37:00.038Z [32minfo[39m: 	{"priceList":"LIKO","pdfZone":"LIKALL","pdfVersion":"2.0"}/generate-pdf - POST -
2022-09-12T15:40:06.624Z [32minfo[39m: 	Categoría API iniciando en el puerto: 8092
2022-09-12T15:40:20.607Z [32minfo[39m: 	{"priceList":"LIKO","pdfZone":"LIKALL","pdfVersion":"2.0"}/generate-pdf - POST -
2022-09-12T15:44:32.993Z [32minfo[39m: 	Categoría API iniciando en el puerto: 8092
2022-09-12T15:44:39.768Z [32minfo[39m: 	{"priceList":"LIKO","pdfZone":"LIKALL","pdfVersion":"2.0"}/generate-pdf - POST -
2022-09-12T15:52:00.343Z [32minfo[39m: 	Categoría API iniciando en el puerto: 8092
2022-09-12T15:52:14.023Z [32minfo[39m: 	Categoría API iniciando en el puerto: 8092
2022-09-12T16:01:21.659Z [32minfo[39m: 	{"priceList":"IPL","pdfZone":"ALL","pdfVersion":"2.0"}/generate-pdf - POST -
2022-09-12T16:01:26.712Z [32minfo[39m: 	{"priceList":"IPL","pdfZone":"IPLALL","pdfVersion":"2.0"}/generate-pdf - POST -
2022-09-12T16:10:13.556Z [32minfo[39m: 	Categoría API iniciando en el puerto: 8092
2022-09-12T16:12:10.045Z [32minfo[39m: 	{"priceList":"IPL","pdfZone":"IPLALL","pdfVersion":"2.0"}/generate-pdf - POST -
2022-09-12T16:13:30.172Z [32minfo[39m: 	Categoría API iniciando en el puerto: 8092
2022-09-12T16:14:27.212Z [32minfo[39m: 	Categoría API iniciando en el puerto: 8092
2022-09-12T16:14:48.311Z [32minfo[39m: 	Categoría API iniciando en el puerto: 8092
2022-09-12T16:14:57.092Z [32minfo[39m: 	{"priceList":"IPL","pdfZone":"IPLALL","pdfVersion":"2.0"}/generate-pdf - POST -
2022-09-12T16:37:55.879Z [32minfo[39m: 	Categoría API iniciando en el puerto: 8092
2022-09-12T16:38:05.909Z [32minfo[39m: 	{"priceList":"IPL","pdfZone":"IPLALL","pdfVersion":"2.0"}/generate-pdf - POST -
2022-09-12T16:39:01.468Z [32minfo[39m: 	Categoría API iniciando en el puerto: 8092
2022-09-12T16:39:10.103Z [32minfo[39m: 	{"priceList":"IPL","pdfZone":"IPLALL","pdfVersion":"2.0"}/generate-pdf - POST -
2022-09-12T16:40:19.182Z [32minfo[39m: 	Categoría API iniciando en el puerto: 8092
2022-09-12T16:40:28.248Z [32minfo[39m: 	{"priceList":"IPL","pdfZone":"IPLALL","pdfVersion":"2.0"}/generate-pdf - POST -
2022-09-12T16:41:31.870Z [32minfo[39m: 	Categoría API iniciando en el puerto: 8092
2022-09-12T16:41:39.652Z [32minfo[39m: 	{"priceList":"IPL","pdfZone":"IPLALL","pdfVersion":"2.0"}/generate-pdf - POST -
2022-09-12T16:42:35.783Z [32minfo[39m: 	Categoría API iniciando en el puerto: 8092
2022-09-12T16:42:51.085Z [32minfo[39m: 	{"priceList":"IPL","pdfZone":"IPLALL","pdfVersion":"2.0"}/generate-pdf - POST -
2022-09-12T16:44:00.977Z [32minfo[39m: 	Categoría API iniciando en el puerto: 8092
2022-09-12T16:44:12.200Z [32minfo[39m: 	{"priceList":"IPL","pdfZone":"IPLALL","pdfVersion":"2.0"}/generate-pdf - POST -
2022-09-12T16:44:56.711Z [32minfo[39m: 	Categoría API iniciando en el puerto: 8092
2022-09-12T16:45:07.360Z [32minfo[39m: 	Categoría API iniciando en el puerto: 8092
2022-09-12T16:45:14.459Z [32minfo[39m: 	{"priceList":"IPL","pdfZone":"IPLALL","pdfVersion":"2.0"}/generate-pdf - POST -
2022-09-12T16:46:23.760Z [32minfo[39m: 	Categoría API iniciando en el puerto: 8092
2022-09-12T16:46:35.946Z [32minfo[39m: 	{"priceList":"IPL","pdfZone":"IPLALL","pdfVersion":"2.0"}/generate-pdf - POST -
2022-09-12T16:47:19.154Z [32minfo[39m: 	Categoría API iniciando en el puerto: 8092
2022-09-12T16:47:27.181Z [32minfo[39m: 	{"priceList":"IPL","pdfZone":"IPLALL","pdfVersion":"2.0"}/generate-pdf - POST -
2022-09-12T16:52:59.514Z [32minfo[39m: 	Categoría API iniciando en el puerto: 8092
2022-09-12T16:53:10.696Z [32minfo[39m: 	{"priceList":"IPL","pdfZone":"IPLALL","pdfVersion":"2.0"}/generate-pdf - POST -
2022-09-12T16:55:16.954Z [32minfo[39m: 	Categoría API iniciando en el puerto: 8092
2022-09-12T16:55:29.670Z [32minfo[39m: 	Categoría API iniciando en el puerto: 8092
2022-09-12T16:55:36.496Z [32minfo[39m: 	{"priceList":"IPL","pdfZone":"IPLALL","pdfVersion":"2.0"}/generate-pdf - POST -
2022-09-12T16:57:49.156Z [32minfo[39m: 	Categoría API iniciando en el puerto: 8092
2022-09-12T16:58:02.421Z [32minfo[39m: 	{"priceList":"IPL","pdfZone":"IPLALL","pdfVersion":"2.0"}/generate-pdf - POST -
2022-09-12T17:17:04.998Z [32minfo[39m: 	Categoría API iniciando en el puerto: 8092
2022-09-12T17:17:15.748Z [32minfo[39m: 	{"priceList":"IPL","pdfZone":"IPLALL","pdfVersion":"2.0"}/generate-pdf - POST -
2022-09-12T17:18:35.245Z [32minfo[39m: 	Categoría API iniciando en el puerto: 8092
2022-09-12T17:18:45.512Z [32minfo[39m: 	{"priceList":"IPL","pdfZone":"IPLALL","pdfVersion":"2.0"}/generate-pdf - POST -
2022-09-12T17:19:50.897Z [32minfo[39m: 	Categoría API iniciando en el puerto: 8092
2022-09-12T17:19:59.695Z [32minfo[39m: 	{"priceList":"IPL","pdfZone":"IPLALL","pdfVersion":"2.0"}/generate-pdf - POST -
2022-09-12T17:45:06.072Z [32minfo[39m: 	Categoría API iniciando en el puerto: 8092
2022-09-12T17:45:22.328Z [32minfo[39m: 	{"priceList":"IPL","pdfZone":"IPLALL","pdfVersion":"2.0"}/generate-pdf - POST -
2022-09-12T17:53:29.882Z [32minfo[39m: 	Categoría API iniciando en el puerto: 8092
2022-09-12T17:53:43.462Z [32minfo[39m: 	{"priceList":"IPL","pdfZone":"IPLALL","pdfVersion":"2.0"}/generate-pdf - POST -
2022-09-12T18:49:50.125Z [32minfo[39m: 	Categoría API iniciando en el puerto: 8092
2022-09-12T18:50:08.697Z [32minfo[39m: 	{"priceList":"IPL","pdfZone":"IPLALL","pdfVersion":"2.0"}/generate-pdf - POST -
2022-09-12T21:14:56.146Z [32minfo[39m: 	{"priceList":"IPL","pdfZone":"IPLALL","pdfVersion":"2.0"}/generate-pdf - POST -
2022-09-12T21:35:01.480Z [32minfo[39m: 	Categoría API iniciando en el puerto: 8092
2022-09-12T21:35:14.210Z [32minfo[39m: 	{"priceList":"IPL","pdfZone":"IPLALL","pdfVersion":"2.0"}/generate-pdf - POST -
2022-09-12T21:41:41.863Z [32minfo[39m: 	{"priceList":"IPL","pdfZone":"IPLALL","pdfVersion":"2.0"}/generate-pdf - POST -
2022-09-12T21:59:50.719Z [32minfo[39m: 	Categoría API iniciando en el puerto: 8092
2022-09-12T22:00:09.008Z [32minfo[39m: 	Categoría API iniciando en el puerto: 8092
2022-09-12T22:00:19.371Z [32minfo[39m: 	Categoría API iniciando en el puerto: 8092
2022-09-12T22:00:38.759Z [32minfo[39m: 	{"priceList":"IPL","pdfZone":"IPLALL","pdfVersion":"2.0"}/generate-pdf - POST -
2022-09-12T22:02:51.142Z [32minfo[39m: 	Categoría API iniciando en el puerto: 8092
2022-09-12T22:03:54.882Z [32minfo[39m: 	Categoría API iniciando en el puerto: 8092
2022-09-12T22:04:03.896Z [32minfo[39m: 	{"priceList":"IPL","pdfZone":"IPLALL","pdfVersion":"2.0"}/generate-pdf - POST -
2022-09-12T22:08:02.688Z [32minfo[39m: 	Categoría API iniciando en el puerto: 8092
2022-09-12T22:08:16.304Z [32minfo[39m: 	{"priceList":"IPL","pdfZone":"IPLALL","pdfVersion":"2.0"}/generate-pdf - POST -
2022-09-12T22:09:35.053Z [32minfo[39m: 	Categoría API iniciando en el puerto: 8092
2022-09-12T22:09:44.399Z [32minfo[39m: 	{"priceList":"IPL","pdfZone":"IPLALL","pdfVersion":"2.0"}/generate-pdf - POST -
2022-09-12T22:40:31.425Z [32minfo[39m: 	Categoría API iniciando en el puerto: 8092
2022-09-12T22:40:37.984Z [32minfo[39m: 	{"priceList":"IPL","pdfZone":"IPLALL","pdfVersion":"2.0"}/generate-pdf - POST -
2022-09-12T22:51:24.936Z [32minfo[39m: 	Categoría API iniciando en el puerto: 8092
2022-09-12T22:51:47.038Z [32minfo[39m: 	Categoría API iniciando en el puerto: 8092
2022-09-12T22:52:01.110Z [32minfo[39m: 	{"priceList":"IPL","pdfZone":"IPLALL","pdfVersion":"2.0"}/generate-pdf - POST -
2022-09-12T22:52:30.218Z [32minfo[39m: 	{"priceList":"IPL","pdfZone":"IPLALL","pdfVersion":"2.0"}/generate-pdf - POST -
