2023-11-13T21:10:23.436Z [32minfo[39m: 	Categoría API iniciando en el puerto: 8092
2023-11-13T21:20:22.788Z [31merror[39m: 	404 || undefined - /api/v1 - GET - ::1
2023-11-13T21:20:22.793Z [31merror[39m: 	404 - undefined - Not Found - /api/v1 - GET - ::1
2023-11-13T21:20:46.902Z [31merror[39m: 	404 || undefined - / - GET - ::1
2023-11-13T21:20:46.904Z [31merror[39m: 	404 - undefined - Not Found - / - GET - ::1
2023-11-13T21:21:24.566Z [31merror[39m: 	404 || undefined - / - GET - ::1
2023-11-13T21:21:24.569Z [31merror[39m: 	404 - undefined - Not Found - / - GET - ::1
2023-11-13T21:21:28.763Z [32minfo[39m: 	'Welcome to PDF Hillrom API'
2023-11-13T21:21:28.845Z [31merror[39m: 	404 || undefined - /favicon.ico - GET - ::1
2023-11-13T21:21:28.845Z [31merror[39m: 	404 - undefined - Not Found - /favicon.ico - GET - ::1
2023-11-13T21:22:50.743Z [31merror[39m: 	404 || undefined - /api/v1/generate-pdf/physician - POST - ::1
2023-11-13T21:22:50.746Z [31merror[39m: 	404 - undefined - Not Found - /api/v1/generate-pdf/physician - POST - ::1
2023-11-13T21:23:28.350Z [32minfo[39m: 	Categoría API iniciando en el puerto: 8092
2023-11-13T21:23:57.447Z [32minfo[39m: 	Categoría API iniciando en el puerto: 8092
2023-11-13T21:24:04.315Z [32minfo[39m: 	{}/generate-pdf/physician/ - POST -
2023-11-13T21:25:18.911Z [32minfo[39m: 	Categoría API iniciando en el puerto: 8092
2023-11-13T21:25:30.845Z [32minfo[39m: 	{}/generate-pdf/physician/ - POST -
2023-11-13T21:28:14.997Z [32minfo[39m: 	Categoría API iniciando en el puerto: 8092
2023-11-13T21:28:22.275Z [32minfo[39m: 	Categoría API iniciando en el puerto: 8092
2023-11-13T21:29:58.140Z [32minfo[39m: 	Categoría API iniciando en el puerto: 8092
2023-11-13T21:32:30.624Z [32minfo[39m: 	Categoría API iniciando en el puerto: 8092
2023-11-13T21:33:52.138Z [32minfo[39m: 	Categoría API iniciando en el puerto: 8092
2023-11-13T21:34:01.738Z [32minfo[39m: 	Categoría API iniciando en el puerto: 8092
2023-11-13T21:34:18.780Z [32minfo[39m: 	Categoría API iniciando en el puerto: 8092
2023-11-13T21:34:25.390Z [32minfo[39m: 	Categoría API iniciando en el puerto: 8092
2023-11-13T21:34:32.725Z [32minfo[39m: 	Categoría API iniciando en el puerto: 8092
2023-11-13T21:34:43.939Z [32minfo[39m: 	Categoría API iniciando en el puerto: 8092
2023-11-13T21:34:49.460Z [32minfo[39m: 	Categoría API iniciando en el puerto: 8092
2023-11-13T21:34:58.447Z [32minfo[39m: 	Categoría API iniciando en el puerto: 8092
2023-11-13T21:35:12.743Z [32minfo[39m: 	Categoría API iniciando en el puerto: 8092
2023-11-13T21:35:18.061Z [32minfo[39m: 	Categoría API iniciando en el puerto: 8092
2023-11-13T21:35:23.958Z [32minfo[39m: 	Categoría API iniciando en el puerto: 8092
2023-11-13T21:35:29.580Z [32minfo[39m: 	Categoría API iniciando en el puerto: 8092
2023-11-13T21:35:31.973Z [32minfo[39m: 	Categoría API iniciando en el puerto: 8092
2023-11-13T21:35:41.883Z [32minfo[39m: 	Categoría API iniciando en el puerto: 8092
2023-11-13T21:35:50.959Z [32minfo[39m: 	Categoría API iniciando en el puerto: 8092
2023-11-13T21:36:06.337Z [32minfo[39m: 	Categoría API iniciando en el puerto: 8092
2023-11-13T21:36:18.263Z [32minfo[39m: 	Categoría API iniciando en el puerto: 8092
2023-11-13T21:36:27.613Z [32minfo[39m: 	Categoría API iniciando en el puerto: 8092
2023-11-13T21:36:40.503Z [32minfo[39m: 	Categoría API iniciando en el puerto: 8092
2023-11-13T21:36:48.319Z [32minfo[39m: 	Categoría API iniciando en el puerto: 8092
2023-11-13T21:37:00.455Z [32minfo[39m: 	Categoría API iniciando en el puerto: 8092
2023-11-13T21:37:23.479Z [32minfo[39m: 	Categoría API iniciando en el puerto: 8092
2023-11-13T21:37:45.966Z [32minfo[39m: 	Categoría API iniciando en el puerto: 8092
2023-11-13T21:37:53.898Z [32minfo[39m: 	Categoría API iniciando en el puerto: 8092
2023-11-13T21:38:17.066Z [32minfo[39m: 	Categoría API iniciando en el puerto: 8092
2023-11-13T21:39:33.266Z [32minfo[39m: 	Categoría API iniciando en el puerto: 8092
2023-11-13T21:40:43.487Z [32minfo[39m: 	Categoría API iniciando en el puerto: 8092
2023-11-13T21:41:14.150Z [32minfo[39m: 	Categoría API iniciando en el puerto: 8092
2023-11-13T21:41:15.961Z [32minfo[39m: 	Categoría API iniciando en el puerto: 8092
2023-11-13T21:42:39.933Z [32minfo[39m: 	{}/generate-pdf/physician/ - POST -
2023-11-13T21:43:14.963Z [32minfo[39m: 	Categoría API iniciando en el puerto: 8092
2023-11-13T21:47:24.075Z [32minfo[39m: 	Categoría API iniciando en el puerto: 8092
2023-11-13T21:49:35.396Z [32minfo[39m: 	Categoría API iniciando en el puerto: 8092
2023-11-13T21:49:37.530Z [32minfo[39m: 	{}/generate-pdf/physician/ - POST -
2023-11-13T21:50:11.217Z [32minfo[39m: 	Categoría API iniciando en el puerto: 8092
2023-11-13T21:51:32.670Z [32minfo[39m: 	Categoría API iniciando en el puerto: 8092
2023-11-13T21:51:41.087Z [32minfo[39m: 	Categoría API iniciando en el puerto: 8092
2023-11-13T21:52:00.883Z [32minfo[39m: 	Categoría API iniciando en el puerto: 8092
2023-11-13T21:52:07.838Z [32minfo[39m: 	Categoría API iniciando en el puerto: 8092
2023-11-13T21:52:20.413Z [32minfo[39m: 	{}/generate-pdf/physician/ - POST -
2023-11-13T21:57:50.119Z [32minfo[39m: 	Categoría API iniciando en el puerto: 8092
2023-11-13T21:57:59.270Z [32minfo[39m: 	{}/generate-pdf/physician/ - POST -
2023-11-13T22:03:42.275Z [32minfo[39m: 	{}/generate-pdf/physician/ - POST -
2023-11-13T22:04:26.426Z [32minfo[39m: 	Categoría API iniciando en el puerto: 8092
2023-11-13T22:04:57.426Z [32minfo[39m: 	Categoría API iniciando en el puerto: 8092
2023-11-13T22:05:00.063Z [32minfo[39m: 	Categoría API iniciando en el puerto: 8092
2023-11-13T22:05:10.049Z [32minfo[39m: 	{}/generate-pdf/physician/ - POST -
2023-11-13T22:06:52.019Z [32minfo[39m: 	Categoría API iniciando en el puerto: 8092
2023-11-13T22:06:56.273Z [32minfo[39m: 	{}/generate-pdf/physician/ - POST -
2023-11-13T22:07:15.519Z [32minfo[39m: 	Categoría API iniciando en el puerto: 8092
2023-11-13T22:07:19.854Z [32minfo[39m: 	Categoría API iniciando en el puerto: 8092
2023-11-13T22:07:23.584Z [32minfo[39m: 	{}/generate-pdf/physician/ - POST -
2023-11-13T22:13:07.499Z [32minfo[39m: 	Categoría API iniciando en el puerto: 8092
2023-11-13T22:13:48.747Z [32minfo[39m: 	Categoría API iniciando en el puerto: 8092
2023-11-13T22:13:59.696Z [32minfo[39m: 	{}/generate-pdf/physician/ - POST -
2023-11-13T22:15:44.894Z [32minfo[39m: 	{}/generate-pdf/physician/ - POST -
2023-11-13T22:16:47.887Z [32minfo[39m: 	Categoría API iniciando en el puerto: 8092
2023-11-13T22:16:48.913Z [32minfo[39m: 	Categoría API iniciando en el puerto: 8092
2023-11-13T22:17:07.056Z [32minfo[39m: 	Categoría API iniciando en el puerto: 8092
2023-11-13T22:17:12.079Z [32minfo[39m: 	{}/generate-pdf/physician/ - POST -
2023-11-13T22:19:13.905Z [32minfo[39m: 	Categoría API iniciando en el puerto: 8092
2023-11-13T22:19:30.470Z [32minfo[39m: 	Categoría API iniciando en el puerto: 8092
2023-11-13T22:19:41.729Z [32minfo[39m: 	{}/generate-pdf/physician/ - POST -
2023-11-13T22:20:39.614Z [32minfo[39m: 	Categoría API iniciando en el puerto: 8092
2023-11-13T22:20:44.946Z [32minfo[39m: 	{}/generate-pdf/physician/ - POST -
2023-11-13T22:23:21.574Z [32minfo[39m: 	Categoría API iniciando en el puerto: 8092
2023-11-13T22:23:22.570Z [32minfo[39m: 	{}/generate-pdf/physician/ - POST -
2023-11-13T22:27:45.265Z [32minfo[39m: 	Categoría API iniciando en el puerto: 8092
2023-11-13T22:29:58.588Z [32minfo[39m: 	Categoría API iniciando en el puerto: 8092
2023-11-13T22:30:07.173Z [32minfo[39m: 	{}/generate-pdf/physician/ - POST -
2023-11-13T22:34:06.567Z [32minfo[39m: 	Categoría API iniciando en el puerto: 8092
2023-11-13T22:34:43.389Z [32minfo[39m: 	{}/generate-pdf/physician/ - POST -
2023-11-13T22:36:13.483Z [32minfo[39m: 	Categoría API iniciando en el puerto: 8092
2023-11-13T22:36:20.307Z [32minfo[39m: 	{}/generate-pdf/physician/ - POST -
2023-11-13T22:37:10.472Z [32minfo[39m: 	Categoría API iniciando en el puerto: 8092
2023-11-13T22:37:15.491Z [32minfo[39m: 	{}/generate-pdf/physician/ - POST -
2023-11-13T22:38:58.841Z [32minfo[39m: 	Categoría API iniciando en el puerto: 8092
